<?xml version="1.0" encoding="UTF-8"?>
<robot generator="Robot 3.1.2 (Python 3.7.4 on win32)" generated="20191017 14:19:03.836" rpa="false">
<suite id="s1" name="RobotProject" source="C:\Users\dboateng\eclipse-workspace\RobotProject">
<suite id="s1-s1" name="RobotTests" source="C:\Users\dboateng\eclipse-workspace\RobotProject\RobotTests">
<suite id="s1-s1-s1" name="TestSuite1" source="C:\Users\dboateng\eclipse-workspace\RobotProject\RobotTests\TestSuite1.robot">
<kw name="Log" library="BuiltIn" type="setup">
<doc>Logs the given message with the given level.</doc>
<arguments>
<arg>This is the Test Suite Set up</arg>
</arguments>
<msg timestamp="20191017 14:19:04.319" level="INFO">This is the Test Suite Set up</msg>
<status status="PASS" starttime="20191017 14:19:04.319" endtime="20191017 14:19:04.320"></status>
</kw>
<test id="s1-s1-s1-t1" name="MyFirstTest">
<kw name="Log" library="BuiltIn" type="setup">
<doc>Logs the given message with the given level.</doc>
<arguments>
<arg>This is the Test Case Set Up</arg>
</arguments>
<msg timestamp="20191017 14:19:04.321" level="INFO">This is the Test Case Set Up</msg>
<status status="PASS" starttime="20191017 14:19:04.320" endtime="20191017 14:19:04.321"></status>
</kw>
<kw name="Log" library="BuiltIn">
<doc>Logs the given message with the given level.</doc>
<arguments>
<arg>HelloWorld.....</arg>
</arguments>
<msg timestamp="20191017 14:19:04.321" level="INFO">HelloWorld.....</msg>
<status status="PASS" starttime="20191017 14:19:04.321" endtime="20191017 14:19:04.321"></status>
</kw>
<kw name="Log" library="BuiltIn" type="teardown">
<doc>Logs the given message with the given level.</doc>
<arguments>
<arg>This is the Test Case Tear Down</arg>
</arguments>
<msg timestamp="20191017 14:19:04.322" level="INFO">This is the Test Case Tear Down</msg>
<status status="PASS" starttime="20191017 14:19:04.322" endtime="20191017 14:19:04.322"></status>
</kw>
<tags>
<tag>Sanity</tag>
</tags>
<status status="PASS" starttime="20191017 14:19:04.320" endtime="20191017 14:19:04.322" critical="yes"></status>
</test>
<test id="s1-s1-s1-t2" name="FirstSeleniumTest">
<kw name="Log" library="BuiltIn" type="setup">
<doc>Logs the given message with the given level.</doc>
<arguments>
<arg>This is the Test Case Set Up</arg>
</arguments>
<msg timestamp="20191017 14:19:04.324" level="INFO">This is the Test Case Set Up</msg>
<status status="PASS" starttime="20191017 14:19:04.324" endtime="20191017 14:19:04.324"></status>
</kw>
<kw name="Open Browser" library="SeleniumLibrary">
<doc>Opens a new browser instance to the given ``url``.</doc>
<arguments>
<arg>https://www.google.com</arg>
<arg>chrome</arg>
</arguments>
<msg timestamp="20191017 14:19:04.325" level="INFO">Opening browser 'chrome' to base url 'https://www.google.com'.</msg>
<status status="PASS" starttime="20191017 14:19:04.324" endtime="20191017 14:19:07.909"></status>
</kw>
<kw name="Set Browser Implicit Wait" library="SeleniumLibrary">
<doc>Sets the implicit wait value used by Selenium.</doc>
<arguments>
<arg>5</arg>
</arguments>
<status status="PASS" starttime="20191017 14:19:07.910" endtime="20191017 14:19:07.911"></status>
</kw>
<kw name="Input Text" library="SeleniumLibrary">
<doc>Types the given ``text`` into the text field identified by ``locator``.</doc>
<arguments>
<arg>name = q</arg>
<arg>Automation Step by Step</arg>
</arguments>
<msg timestamp="20191017 14:19:07.912" level="INFO">Typing text 'Automation Step by Step' into text field 'name = q'.</msg>
<status status="PASS" starttime="20191017 14:19:07.911" endtime="20191017 14:19:08.077"></status>
</kw>
<kw name="Click Button" library="SeleniumLibrary">
<doc>Clicks the button identified by ``locator``.</doc>
<arguments>
<arg>name = btnK</arg>
</arguments>
<msg timestamp="20191017 14:19:08.078" level="INFO">Clicking button 'name = btnK'.</msg>
<status status="PASS" starttime="20191017 14:19:08.078" endtime="20191017 14:19:09.951"></status>
</kw>
<kw name="Sleep" library="BuiltIn">
<doc>Pauses the test executed for the given time.</doc>
<arguments>
<arg>2</arg>
</arguments>
<msg timestamp="20191017 14:19:11.953" level="INFO">Slept 2 seconds</msg>
<status status="PASS" starttime="20191017 14:19:09.952" endtime="20191017 14:19:11.953"></status>
</kw>
<kw name="Close Browser" library="SeleniumLibrary">
<doc>Closes the current browser.</doc>
<status status="PASS" starttime="20191017 14:19:11.954" endtime="20191017 14:19:14.484"></status>
</kw>
<kw name="Log" library="BuiltIn">
<doc>Logs the given message with the given level.</doc>
<arguments>
<arg>Test Completed</arg>
</arguments>
<msg timestamp="20191017 14:19:14.486" level="INFO">Test Completed</msg>
<status status="PASS" starttime="20191017 14:19:14.485" endtime="20191017 14:19:14.486"></status>
</kw>
<kw name="Log" library="BuiltIn" type="teardown">
<doc>Logs the given message with the given level.</doc>
<arguments>
<arg>This is the Test Case Tear Down</arg>
</arguments>
<msg timestamp="20191017 14:19:14.487" level="INFO">This is the Test Case Tear Down</msg>
<status status="PASS" starttime="20191017 14:19:14.487" endtime="20191017 14:19:14.488"></status>
</kw>
<tags>
<tag>Sanity</tag>
</tags>
<status status="PASS" starttime="20191017 14:19:04.323" endtime="20191017 14:19:14.488" critical="yes"></status>
</test>
<test id="s1-s1-s1-t3" name="SampleLoginTest">
<kw name="Log" library="BuiltIn" type="setup">
<doc>Logs the given message with the given level.</doc>
<arguments>
<arg>This is the Test Case Set Up</arg>
</arguments>
<msg timestamp="20191017 14:19:14.491" level="INFO">This is the Test Case Set Up</msg>
<status status="PASS" starttime="20191017 14:19:14.490" endtime="20191017 14:19:14.491"></status>
</kw>
<kw name="Open Browser" library="SeleniumLibrary">
<doc>Opens a new browser instance to the given ``url``.</doc>
<arguments>
<arg>${URL}</arg>
<arg>chrome</arg>
</arguments>
<msg timestamp="20191017 14:19:14.493" level="INFO">Opening browser 'chrome' to base url 'https://opensource-demo.orangehrmlive.com/'.</msg>
<status status="PASS" starttime="20191017 14:19:14.492" endtime="20191017 14:19:22.609"></status>
</kw>
<kw name="Set Browser Implicit Wait" library="SeleniumLibrary">
<doc>Sets the implicit wait value used by Selenium.</doc>
<arguments>
<arg>5</arg>
</arguments>
<status status="PASS" starttime="20191017 14:19:22.609" endtime="20191017 14:19:22.611"></status>
</kw>
<kw name="LOGINKW">
<kw name="Input Text" library="SeleniumLibrary">
<doc>Types the given ``text`` into the text field identified by ``locator``.</doc>
<arguments>
<arg>id=txtUsername</arg>
<arg>@{CREDENTIALS}[0]</arg>
</arguments>
<msg timestamp="20191017 14:19:22.613" level="INFO">Typing text 'Admin' into text field 'id=txtUsername'.</msg>
<status status="PASS" starttime="20191017 14:19:22.612" endtime="20191017 14:19:22.695"></status>
</kw>
<kw name="Input Password" library="SeleniumLibrary">
<doc>Types the given password into the text field identified by ``locator``.</doc>
<arguments>
<arg>id=txtPassword</arg>
<arg>&amp;{LoginDetails}[password]</arg>
</arguments>
<msg timestamp="20191017 14:19:22.695" level="INFO">Typing password into text field 'id=txtPassword'.</msg>
<status status="PASS" starttime="20191017 14:19:22.695" endtime="20191017 14:19:22.777"></status>
</kw>
<kw name="Click Element" library="SeleniumLibrary">
<doc>Click the element identified by ``locator``.</doc>
<arguments>
<arg>id = btnLogin</arg>
</arguments>
<msg timestamp="20191017 14:19:22.778" level="INFO">Clicking element 'id = btnLogin'.</msg>
<status status="PASS" starttime="20191017 14:19:22.777" endtime="20191017 14:19:24.693"></status>
</kw>
<status status="PASS" starttime="20191017 14:19:22.612" endtime="20191017 14:19:24.693"></status>
</kw>
<kw name="Click Element" library="SeleniumLibrary">
<doc>Click the element identified by ``locator``.</doc>
<arguments>
<arg>id = welcome</arg>
</arguments>
<msg timestamp="20191017 14:19:24.694" level="INFO">Clicking element 'id = welcome'.</msg>
<status status="PASS" starttime="20191017 14:19:24.694" endtime="20191017 14:19:25.223"></status>
</kw>
<kw name="Click Element" library="SeleniumLibrary">
<doc>Click the element identified by ``locator``.</doc>
<arguments>
<arg>link = Logout</arg>
</arguments>
<msg timestamp="20191017 14:19:25.224" level="INFO">Clicking element 'link = Logout'.</msg>
<status status="PASS" starttime="20191017 14:19:25.224" endtime="20191017 14:19:25.835"></status>
</kw>
<kw name="Sleep" library="BuiltIn">
<doc>Pauses the test executed for the given time.</doc>
<arguments>
<arg>2</arg>
</arguments>
<msg timestamp="20191017 14:19:27.836" level="INFO">Slept 2 seconds</msg>
<status status="PASS" starttime="20191017 14:19:25.835" endtime="20191017 14:19:27.836"></status>
</kw>
<kw name="Close Browser" library="SeleniumLibrary">
<doc>Closes the current browser.</doc>
<status status="PASS" starttime="20191017 14:19:27.837" endtime="20191017 14:19:30.515"></status>
</kw>
<kw name="Log" library="BuiltIn">
<doc>Logs the given message with the given level.</doc>
<arguments>
<arg>Test Finished</arg>
</arguments>
<msg timestamp="20191017 14:19:30.517" level="INFO">Test Finished</msg>
<status status="PASS" starttime="20191017 14:19:30.516" endtime="20191017 14:19:30.517"></status>
</kw>
<kw name="Log" library="BuiltIn">
<doc>Logs the given message with the given level.</doc>
<arguments>
<arg>This test was performed by %{username} on %{os} operating system</arg>
</arguments>
<msg timestamp="20191017 14:19:30.518" level="INFO">This test was performed by dboateng on Windows_NT operating system</msg>
<status status="PASS" starttime="20191017 14:19:30.518" endtime="20191017 14:19:30.518"></status>
</kw>
<kw name="Log" library="BuiltIn" type="teardown">
<doc>Logs the given message with the given level.</doc>
<arguments>
<arg>This is the Test Case Tear Down</arg>
</arguments>
<msg timestamp="20191017 14:19:30.520" level="INFO">This is the Test Case Tear Down</msg>
<status status="PASS" starttime="20191017 14:19:30.519" endtime="20191017 14:19:30.520"></status>
</kw>
<doc>This is a test to open and Close a browser with a link</doc>
<tags>
<tag>Smoke</tag>
</tags>
<status status="PASS" starttime="20191017 14:19:14.489" endtime="20191017 14:19:30.520" critical="yes"></status>
</test>
<kw name="Log" library="BuiltIn" type="teardown">
<doc>Logs the given message with the given level.</doc>
<arguments>
<arg>This is the Test Suite Tear Down</arg>
</arguments>
<msg timestamp="20191017 14:19:30.523" level="INFO">This is the Test Suite Tear Down</msg>
<status status="PASS" starttime="20191017 14:19:30.522" endtime="20191017 14:19:30.523"></status>
</kw>
<status status="PASS" starttime="20191017 14:19:03.948" endtime="20191017 14:19:30.523"></status>
</suite>
<status status="PASS" starttime="20191017 14:19:03.946" endtime="20191017 14:19:30.530"></status>
</suite>
<status status="PASS" starttime="20191017 14:19:03.918" endtime="20191017 14:19:30.535"></status>
</suite>
<statistics>
<total>
<stat pass="3" fail="0">Critical Tests</stat>
<stat pass="3" fail="0">All Tests</stat>
</total>
<tag>
<stat pass="2" fail="0">Sanity</stat>
<stat pass="1" fail="0">Smoke</stat>
</tag>
<suite>
<stat pass="3" fail="0" id="s1" name="RobotProject">RobotProject</stat>
<stat pass="3" fail="0" id="s1-s1" name="RobotTests">RobotProject.RobotTests</stat>
<stat pass="3" fail="0" id="s1-s1-s1" name="TestSuite1">RobotProject.RobotTests.TestSuite1</stat>
</suite>
</statistics>
<errors>
</errors>
</robot>
